#
# There is insufficient memory for the Java Runtime Environment to continue.
# Native memory allocation (mmap) failed to map 266338304 bytes for G1 virtual space
# Possible reasons:
#   The system is out of physical RAM or swap space
#   The process is running with CompressedOops enabled, and the Java Heap may be blocking the growth of the native heap
# Possible solutions:
#   Reduce memory load on the system
#   Increase physical memory or swap space
#   Check if swap backing store is full
#   Decrease Java heap size (-Xmx/-Xms)
#   Decrease number of Java threads
#   Decrease Java thread stack sizes (-Xss)
#   Set larger code cache with -XX:ReservedCodeCacheSize=
#   JVM is running with Unscaled Compressed Oops mode in which the Java heap is
#     placed in the first 4GB address space. The Java Heap base address is the
#     maximum limit for the native heap growth. Please use -XX:HeapBaseMinAddress
#     to set the Java Heap base and to place the Java Heap above 4GB virtual address.
# This output file may be truncated or incomplete.
#
#  Out of Memory Error (os_windows.cpp:3469), pid=9508, tid=1792
#
# JRE version:  (17.0.1+12) (build )
# Java VM: Java HotSpot(TM) 64-Bit Server VM (17.0.1+12-LTS-39, mixed mode, sharing, tiered, compressed oops, compressed class ptrs, g1 gc, windows-amd64)
# No core dump will be written. Minidumps are not enabled by default on client versions of Windows
#

---------------  S U M M A R Y ------------

Command Line: -Dorg.gradle.internal.worker.tmpdir=C:\Users\NGNAWEN\IdeaProjects\reactive-spring-webflux\spring-webflux-movies-info-service\build\tmp\test\work -Dorg.gradle.native=false -Xmx512m -Dfile.encoding=windows-1252 -Duser.country=CA -Duser.language=fr -Duser.variant -ea worker.org.gradle.process.internal.worker.GradleWorkerMain 'Gradle Test Executor 7'

Host: Intel(R) Core(TM) i7-9750H CPU @ 2.60GHz, 12 cores, 15G,  Windows 10 , 64 bit Build 22621 (10.0.22621.1344)
Time: Mon Apr 10 13:34:53 2023 Est (heure d, 64 bit Build 22621 (10.0.22621.1344) elapsed time: 0.042241 seconds (0d 0h 0m 0s)

---------------  T H R E A D  ---------------

Current thread (0x00000201061973c0):  JavaThread "Unknown thread" [_thread_in_vm, id=1792, stack(0x0000002076c00000,0x0000002076d00000)]

Stack: [0x0000002076c00000,0x0000002076d00000]
Native frames: (J=compiled Java code, j=interpreted, Vv=VM code, C=native code)
V  [jvm.dll+0x66fa1a]
V  [jvm.dll+0x7ce5a4]
V  [jvm.dll+0x7cfd4e]
V  [jvm.dll+0x7d03b3]
V  [jvm.dll+0x242b05]
V  [jvm.dll+0x66ca39]
V  [jvm.dll+0x661502]
V  [jvm.dll+0x30081b]
V  [jvm.dll+0x307da6]
V  [jvm.dll+0x357a1e]
V  [jvm.dll+0x357c4f]
V  [jvm.dll+0x2d7ad8]
V  [jvm.dll+0x2d8a44]
V  [jvm.dll+0x7a01e1]
V  [jvm.dll+0x365791]
V  [jvm.dll+0x77f6cc]
V  [jvm.dll+0x3e812f]
V  [jvm.dll+0x3e9bd1]
C  [jli.dll+0x527b]
C  [ucrtbase.dll+0x29363]
C  [KERNEL32.DLL+0x126bd]
C  [ntdll.dll+0x5a9f8]


---------------  P R O C E S S  ---------------

Threads class SMR info:
_java_thread_list=0x00007ffe93f07818, length=0, elements={
}

Java Threads: ( => current thread )

Other Threads:
  0x00000201061be8d0 GCTaskThread "GC Thread#0" [stack: 0x0000002076d00000,0x0000002076e00000] [id=27184]
  0x00000201061c3810 ConcurrentGCThread "G1 Main Marker" [stack: 0x0000002076e00000,0x0000002076f00000] [id=18060]
  0x00000201061c5b30 ConcurrentGCThread "G1 Conc#0" [stack: 0x0000002076f00000,0x0000002077000000] [id=27620]

[error occurred during error reporting (printing all threads), id 0xc0000005, EXCEPTION_ACCESS_VIOLATION (0xc0000005) at pc=0x00007ffe937584b7]

VM state: not at safepoint (not fully initialized)

VM Mutex/Monitor currently owned by a thread:  ([mutex/lock_event])
[0x0000020106192d20] Heap_lock - owner thread: 0x00000201061973c0

Heap address: 0x00000000e0000000, size: 512 MB, Compressed Oops mode: 32-bit

CDS archive(s) mapped at: [0x0000000000000000-0x0000000000000000-0x0000000000000000), size 0, SharedBaseAddress: 0x0000000800000000, ArchiveRelocationMode: 0.
Narrow klass base: 0x0000000000000000, Narrow klass shift: 0, Narrow klass range: 0x0

GC Precious Log:
<Empty>

Heap:
 garbage-first heap   total 0K, used 0K [0x00000000e0000000, 0x0000000100000000)
  region size 1024K, 0 young (0K), 0 survivors (0K)

[error occurred during error reporting (printing heap information), id 0xc0000005, EXCEPTION_ACCESS_VIOLATION (0xc0000005) at pc=0x00007ffe93b38d89]

GC Heap History (0 events):
No events

Deoptimization events (0 events):
No events

Classes unloaded (0 events):
No events

Classes redefined (0 events):
No events

Internal exceptions (0 events):
No events

VM Operations (0 events):
No events

Events (1 events):
Event: 0.028 Loaded shared library C:\Program Files\Java\jdk-17.0.1\bin\java.dll


Dynamic libraries:
0x00007ff74ccc0000 - 0x00007ff74ccd0000 	C:\Program Files\Java\jdk-17.0.1\bin\java.exe
0x00007ffec7490000 - 0x00007ffec76a4000 	C:\WINDOWS\SYSTEM32\ntdll.dll
0x00007ffec6940000 - 0x00007ffec6a03000 	C:\WINDOWS\System32\KERNEL32.DLL
0x00007ffec4990000 - 0x00007ffec4d2c000 	C:\WINDOWS\System32\KERNELBASE.dll
0x00007ffec4d30000 - 0x00007ffec4e41000 	C:\WINDOWS\System32\ucrtbase.dll
0x00007ffe96380000 - 0x00007ffe9639a000 	C:\Program Files\Java\jdk-17.0.1\bin\VCRUNTIME140.dll
0x00007ffe96690000 - 0x00007ffe966a8000 	C:\Program Files\Java\jdk-17.0.1\bin\jli.dll
0x00007ffec6b00000 - 0x00007ffec6bae000 	C:\WINDOWS\System32\ADVAPI32.dll
0x00007ffec6360000 - 0x00007ffec6407000 	C:\WINDOWS\System32\msvcrt.dll
0x00007ffec6410000 - 0x00007ffec64b4000 	C:\WINDOWS\System32\sechost.dll
0x00007ffec71f0000 - 0x00007ffec7305000 	C:\WINDOWS\System32\RPCRT4.dll
0x00007ffec7020000 - 0x00007ffec71cd000 	C:\WINDOWS\System32\USER32.dll
0x00007ffea7c00000 - 0x00007ffea7e8e000 	C:\WINDOWS\WinSxS\amd64_microsoft.windows.common-controls_6595b64144ccf1df_6.0.22621.608_none_a9444ca7c10bb01d\COMCTL32.dll
0x00007ffec5160000 - 0x00007ffec5186000 	C:\WINDOWS\System32\win32u.dll
0x00007ffec6ff0000 - 0x00007ffec7019000 	C:\WINDOWS\System32\GDI32.dll
0x00007ffec4e50000 - 0x00007ffec4f63000 	C:\WINDOWS\System32\gdi32full.dll
0x00007ffec5190000 - 0x00007ffec522a000 	C:\WINDOWS\System32\msvcp_win.dll
0x00007ffeba9e0000 - 0x00007ffeba9ea000 	C:\WINDOWS\SYSTEM32\VERSION.dll
0x00007ffec6c70000 - 0x00007ffec6ca1000 	C:\WINDOWS\System32\IMM32.DLL
0x00007ffe9a710000 - 0x00007ffe9a71c000 	C:\Program Files\Java\jdk-17.0.1\bin\vcruntime140_1.dll
0x00007ffe94030000 - 0x00007ffe940bd000 	C:\Program Files\Java\jdk-17.0.1\bin\msvcp140.dll
0x00007ffe93470000 - 0x00007ffe9402e000 	C:\Program Files\Java\jdk-17.0.1\bin\server\jvm.dll
0x00007ffec5630000 - 0x00007ffec5638000 	C:\WINDOWS\System32\PSAPI.DLL
0x00007ffe9d2a0000 - 0x00007ffe9d2a9000 	C:\WINDOWS\SYSTEM32\WSOCK32.dll
0x00007ffebf6a0000 - 0x00007ffebf6d4000 	C:\WINDOWS\SYSTEM32\WINMM.dll
0x00007ffec6a20000 - 0x00007ffec6a91000 	C:\WINDOWS\System32\WS2_32.dll
0x00007ffec38e0000 - 0x00007ffec38f8000 	C:\WINDOWS\SYSTEM32\kernel.appcore.dll
0x00007ffe96370000 - 0x00007ffe9637a000 	C:\Program Files\Java\jdk-17.0.1\bin\jimage.dll
0x00007ffec2150000 - 0x00007ffec237e000 	C:\WINDOWS\SYSTEM32\DBGHELP.DLL
0x00007ffec5fd0000 - 0x00007ffec6359000 	C:\WINDOWS\System32\combase.dll
0x00007ffec7310000 - 0x00007ffec73e7000 	C:\WINDOWS\System32\OLEAUT32.dll
0x00007ffebf660000 - 0x00007ffebf692000 	C:\WINDOWS\SYSTEM32\dbgcore.DLL
0x00007ffec50e0000 - 0x00007ffec515b000 	C:\WINDOWS\System32\bcryptPrimitives.dll
0x00007ffe933f0000 - 0x00007ffe93415000 	C:\Program Files\Java\jdk-17.0.1\bin\java.dll

dbghelp: loaded successfully - version: 4.0.5 - missing functions: none
symbol engine: initialized successfully - sym options: 0x614 - pdb path: .;C:\Program Files\Java\jdk-17.0.1\bin;C:\WINDOWS\SYSTEM32;C:\WINDOWS\WinSxS\amd64_microsoft.windows.common-controls_6595b64144ccf1df_6.0.22621.608_none_a9444ca7c10bb01d;C:\Program Files\Java\jdk-17.0.1\bin\server

VM Arguments:
jvm_args: -Dorg.gradle.internal.worker.tmpdir=C:\Users\NGNAWEN\IdeaProjects\reactive-spring-webflux\spring-webflux-movies-info-service\build\tmp\test\work -Dorg.gradle.native=false -Xmx512m -Dfile.encoding=windows-1252 -Duser.country=CA -Duser.language=fr -Duser.variant -ea 
java_command: worker.org.gradle.process.internal.worker.GradleWorkerMain 'Gradle Test Executor 7'
java_class_path (initial): C:\\Users\\NGNAWEN\\.gradle\\caches\\7.6.1\\workerMain\\gradle-worker.jar;C:\\Users\\NGNAWEN\\IdeaProjects\\reactive-spring-webflux\\spring-webflux-movies-info-service\\build\\classes\\java\\test;C:\\Users\\NGNAWEN\\IdeaProjects\\reactive-spring-webflux\\spring-webflux-movies-info-service\\build\\resources\\test;C:\\Users\\NGNAWEN\\IdeaProjects\\reactive-spring-webflux\\spring-webflux-movies-info-service\\build\\classes\\java\\main;C:\\Users\\NGNAWEN\\IdeaProjects\\reactive-spring-webflux\\spring-webflux-movies-info-service\\build\\resources\\main;C:\\Users\\NGNAWEN\\.gradle\\caches\\modules-2\\files-2.1\\org.springframework.boot\\spring-boot-starter-validation\\3.0.5\\be7d9c0a45e887e25e25d48e6ea9b23a9c7a16d0\\spring-boot-starter-validation-3.0.5.jar;C:\\Users\\NGNAWEN\\.gradle\\caches\\modules-2\\files-2.1\\org.springframework.boot\\spring-boot-starter-webflux\\3.0.5\\245c39d211320fabcbf1cc78a534ed40b409e47b\\spring-boot-starter-webflux-3.0.5.jar;C:\\Users\\NGNAWEN\\.gradle\\caches\\modules-2\\files-2.1\\org.springframework.boot\\spring-boot-starter-test\\3.0.5\\cf9fd5d146ce335eaec708b5bde40445f94ee813\\spring-boot-starter-test-3.0.5.jar;C:\\Users\\NGNAWEN\\.gradle\\caches\\modules-2\\files-2.1\\io.projectreactor\\reactor-test\\3.5.4\\adb8557fb7117f05f97da2f34d2f667ff1e4fe60\\reactor-test-3.5.4.jar;C:\\Users\\NGNAWEN\\.gradle\\caches\\modules-2\\files-2.1\\org.springframework.boot\\spring-boot-starter-json\\3.0.5\\d9b191badbcc63083770ba111f9290e45e512a54\\spring-boot-starter-json-3.0.5.jar;C:\\Users\\NGNAWEN\\.gradle\\caches\\modules-2\\files-2.1\\org.springframework.boot\\spring-boot-starter\\3.0.5\\5d13714accd45b2b1af0d5de1495b2ed9a49fe89\\spring-boot-starter-3.0.5.jar;C:\\Users\\NGNAWEN\\.gradle\\caches\\modules-2\\files-2.1\\org.apache.tomcat.embed\\tomcat-embed-el\\10.1.7\\dfaad36190c21beaaefb932333f7d955165810bb\\tomcat-embed-el-10.1.7.jar;C:\\Users\\NGNAWEN\\.gradle\\caches\\modules-2\\files-2.1\\org.hibernate.validator\\hibernat
Launcher Type: SUN_STANDARD

[Global flags]
     intx CICompilerCount                          = 4                                         {product} {ergonomic}
     uint ConcGCThreads                            = 3                                         {product} {ergonomic}
     uint G1ConcRefinementThreads                  = 10                                        {product} {ergonomic}
   size_t G1HeapRegionSize                         = 1048576                                   {product} {ergonomic}
    uintx GCDrainStackTargetSize                   = 64                                        {product} {ergonomic}
   size_t InitialHeapSize                          = 266338304                                 {product} {ergonomic}
   size_t MarkStackSize                            = 4194304                                   {product} {ergonomic}
   size_t MaxHeapSize                              = 536870912                                 {product} {command line}
   size_t MinHeapDeltaBytes                        = 1048576                                   {product} {ergonomic}
   size_t MinHeapSize                              = 8388608                                   {product} {ergonomic}
    uintx NonNMethodCodeHeapSize                   = 5839372                                {pd product} {ergonomic}
    uintx NonProfiledCodeHeapSize                  = 122909434                              {pd product} {ergonomic}
    uintx ProfiledCodeHeapSize                     = 122909434                              {pd product} {ergonomic}
    uintx ReservedCodeCacheSize                    = 251658240                              {pd product} {ergonomic}
     bool SegmentedCodeCache                       = true                                      {product} {ergonomic}
   size_t SoftMaxHeapSize                          = 536870912                              {manageable} {ergonomic}
     bool UseCompressedClassPointers               = true                           {product lp64_product} {ergonomic}
     bool UseCompressedOops                        = true                           {product lp64_product} {ergonomic}
     bool UseG1GC                                  = true                                      {product} {ergonomic}
     bool UseLargePagesIndividualAllocation        = false                                  {pd product} {ergonomic}

Logging:
Log output configuration:
 #0: stdout all=warning uptime,level,tags
 #1: stderr all=off uptime,level,tags

Environment Variables:
JAVA_HOME=C:\Program Files\Java\jdk-17.0.1
PATH=C:\Program Files\Java\jdk-17.0.1\bin;C:\Program Files\Common Files\Oracle\Java\javapath;C:\WINDOWS\system32;C:\WINDOWS;C:\WINDOWS\System32\Wbem;C:\WINDOWS\System32\WindowsPowerShell\v1.0\;C:\WINDOWS\System32\OpenSSH\;C:\Program Files (x86)\MySQL\MySQL Server 5.0\bin;C:\Program Files\apache-maven-3.8.1\bin;C:\TDM-GCC-32\bin;C:\Program Files\Git\cmd;C:\ProgramData\chocolatey\bin;C:\Users\NGNAWEN\AppData\Roaming\nvm;C:\Program Files\nodejs;C:\Program Files\dotnet\;C:\Program Files (x86)\dotnet\;C:\Program Files\nodejs\;C:\Program Files\Docker\Docker\resources\bin;C:\ProgramData\DockerDesktop\version-bin;C:\Program Files\Java\jdk-17.0.1\bin;C:\Users\NGNAWEN\AppData\Local\Microsoft\WindowsApps;C:\tools\gradle-6.9.1\bin;C:\tools\groovy-3.0.8\bin;C:\Users\NGNAWEN\AppData\Roaming\nvm;C:\Program Files\nodejs;C:\Users\NGNAWEN\.dotnet\tools;C:\Users\NGNAWEN\AppData\Roaming\npm;C:\Users\NGNAWEN\AppData\Local\Microsoft\WindowsApps;C:\Users\NGNAWEN\AppData\Local\GitHubDesktop\bin;C:\Users\NGNAWEN\AppData\Local\Programs\Microsoft VS Code\bin;C:\Program Files\JetBrains\IntelliJ IDEA Community Edition 2022.2\bin;;
USERNAME=NGNAWEN
OS=Windows_NT
PROCESSOR_IDENTIFIER=Intel64 Family 6 Model 158 Stepping 10, GenuineIntel



---------------  S Y S T E M  ---------------

OS:
 Windows 10 , 64 bit Build 22621 (10.0.22621.1344)
OS uptime: 7 days 4:06 hours
Hyper-V role detected

CPU: total 12 (initial active 12) (6 cores per cpu, 2 threads per core) family 6 model 158 stepping 10 microcode 0xde, cx8, cmov, fxsr, ht, mmx, 3dnowpref, sse, sse2, sse3, ssse3, sse4.1, sse4.2, popcnt, lzcnt, tsc, tscinvbit, avx, avx2, aes, erms, clmul, bmi1, bmi2, adx, fma, vzeroupper, clflush, clflushopt, hv

Memory: 4k page, system-wide physical 16151M (3062M free)
TotalPageFile size 19151M (AvailPageFile size 252M)
current process WorkingSet (physical memory assigned to process): 11M, peak: 11M
current process commit charge ("private bytes"): 63M, peak: 317M

vm_info: Java HotSpot(TM) 64-Bit Server VM (17.0.1+12-LTS-39) for windows-amd64 JRE (17.0.1+12-LTS-39), built on Sep 27 2021 18:41:35 by "mach5one" with MS VC++ 16.8 (VS2019)

END.
